10:16:17.375 [main] INFO  testCases.TC001_AccountRegistrationTest - ****** Starting TC001_AccountRegistrationTest  *****
10:16:18.017 [main] INFO  testCases.TC001_AccountRegistrationTest - ****** Clicked on MyAccount Link  *****
10:16:18.707 [main] INFO  testCases.TC001_AccountRegistrationTest - ****** Clicked on Register Link  *****
10:16:18.713 [main] INFO  testCases.TC001_AccountRegistrationTest - ****** Providing CUstomer Details  *****
10:16:21.225 [main] INFO  testCases.TC001_AccountRegistrationTest - ******Finished TC001_AccountRegistrationTest  *****
15:14:36.953 [main] INFO  testCases.TC001_AccountRegistrationTest - ****** Starting TC001_AccountRegistrationTest  *****
15:14:37.517 [main] INFO  testCases.TC001_AccountRegistrationTest - ****** Clicked on MyAccount Link  *****
15:14:38.129 [main] INFO  testCases.TC001_AccountRegistrationTest - ****** Clicked on Register Link  *****
15:14:38.138 [main] INFO  testCases.TC001_AccountRegistrationTest - ****** Providing CUstomer Details  *****
15:14:39.812 [main] INFO  testCases.TC001_AccountRegistrationTest - ******Finished TC001_AccountRegistrationTest  *****
15:15:27.499 [main] INFO  testCases.TC001_AccountRegistrationTest - ****** Starting TC001_AccountRegistrationTest  *****
15:15:27.760 [main] INFO  testCases.TC001_AccountRegistrationTest - ****** Clicked on MyAccount Link  *****
15:15:28.539 [main] INFO  testCases.TC001_AccountRegistrationTest - ****** Clicked on Register Link  *****
15:15:28.543 [main] INFO  testCases.TC001_AccountRegistrationTest - ****** Providing CUstomer Details  *****
15:15:30.318 [main] INFO  testCases.TC001_AccountRegistrationTest - ******Finished TC001_AccountRegistrationTest  *****
15:21:43.362 [main] INFO  testCases.TC001_AccountRegistrationTest - ****** Starting TC001_AccountRegistrationTest  *****
15:21:43.641 [main] INFO  testCases.TC001_AccountRegistrationTest - ****** Clicked on MyAccount Link  *****
15:21:44.509 [main] INFO  testCases.TC001_AccountRegistrationTest - ****** Clicked on Register Link  *****
15:21:44.513 [main] INFO  testCases.TC001_AccountRegistrationTest - ****** Providing CUstomer Details  *****
15:21:46.262 [main] INFO  testCases.TC001_AccountRegistrationTest - ******Finished TC001_AccountRegistrationTest  *****
15:21:51.342 [main] INFO  testCases.TC001_AccountRegistrationTest - ****** Starting TC001_AccountRegistrationTest  *****
15:21:51.643 [main] INFO  testCases.TC001_AccountRegistrationTest - ****** Clicked on MyAccount Link  *****
15:21:52.287 [main] INFO  testCases.TC001_AccountRegistrationTest - ****** Clicked on Register Link  *****
15:21:52.289 [main] INFO  testCases.TC001_AccountRegistrationTest - ****** Providing CUstomer Details  *****
15:21:54.156 [main] INFO  testCases.TC001_AccountRegistrationTest - ******Finished TC001_AccountRegistrationTest  *****
15:23:02.535 [TestNG-tests-1] INFO  testCases.TC001_AccountRegistrationTest - ****** Starting TC001_AccountRegistrationTest  *****
15:23:02.942 [TestNG-tests-2] INFO  testCases.TC001_AccountRegistrationTest - ****** Starting TC001_AccountRegistrationTest  *****
15:23:03.291 [TestNG-tests-2] INFO  testCases.TC001_AccountRegistrationTest - ****** Clicked on MyAccount Link  *****
15:23:03.311 [TestNG-tests-1] INFO  testCases.TC001_AccountRegistrationTest - ****** Clicked on MyAccount Link  *****
15:23:04.424 [TestNG-tests-1] INFO  testCases.TC001_AccountRegistrationTest - ****** Clicked on Register Link  *****
15:23:04.429 [TestNG-tests-1] INFO  testCases.TC001_AccountRegistrationTest - ****** Providing CUstomer Details  *****
15:23:04.477 [TestNG-tests-2] INFO  testCases.TC001_AccountRegistrationTest - ****** Clicked on Register Link  *****
15:23:04.478 [TestNG-tests-2] INFO  testCases.TC001_AccountRegistrationTest - ****** Providing CUstomer Details  *****
15:23:07.401 [TestNG-tests-2] INFO  testCases.TC001_AccountRegistrationTest - ******Finished TC001_AccountRegistrationTest  *****
15:23:07.566 [TestNG-tests-1] INFO  testCases.TC001_AccountRegistrationTest - ******Finished TC001_AccountRegistrationTest  *****
11:44:19.084 [TestNG-tests-2] INFO  testCases.TC001_AccountRegistrationTest - ****** Starting TC001_AccountRegistrationTest  *****
11:44:19.273 [TestNG-tests-2] INFO  testCases.TC001_AccountRegistrationTest - ****** Clicked on MyAccount Link  *****
11:44:19.848 [TestNG-tests-2] INFO  testCases.TC001_AccountRegistrationTest - ****** Clicked on Register Link  *****
11:44:19.853 [TestNG-tests-2] INFO  testCases.TC001_AccountRegistrationTest - ****** Providing CUstomer Details  *****
11:44:21.387 [TestNG-tests-2] INFO  testCases.TC001_AccountRegistrationTest - ******Finished TC001_AccountRegistrationTest  *****
11:44:30.572 [TestNG-tests-1] INFO  testCases.TC001_AccountRegistrationTest - ****** Starting TC001_AccountRegistrationTest  *****
11:44:31.219 [TestNG-tests-1] INFO  testCases.TC001_AccountRegistrationTest - ****** Clicked on MyAccount Link  *****
11:44:31.723 [TestNG-tests-1] INFO  testCases.TC001_AccountRegistrationTest - ****** Clicked on Register Link  *****
11:44:31.723 [TestNG-tests-1] INFO  testCases.TC001_AccountRegistrationTest - ****** Providing CUstomer Details  *****
11:44:33.252 [TestNG-tests-1] INFO  testCases.TC001_AccountRegistrationTest - ******Finished TC001_AccountRegistrationTest  *****
11:47:31.928 [main] INFO  testCases.TC001_AccountRegistrationTest - ****** Starting TC001_AccountRegistrationTest  *****
11:47:32.489 [main] INFO  testCases.TC001_AccountRegistrationTest - ****** Clicked on MyAccount Link  *****
11:47:32.983 [main] INFO  testCases.TC001_AccountRegistrationTest - ****** Clicked on Register Link  *****
11:47:32.991 [main] INFO  testCases.TC001_AccountRegistrationTest - ****** Providing CUstomer Details  *****
11:47:33.766 [main] INFO  testCases.TC001_AccountRegistrationTest - ******Finished TC001_AccountRegistrationTest  *****
16:43:21.136 [main] INFO  testCases.TC001_AccountRegistrationTest - ****** Starting TC001_AccountRegistrationTest  *****
16:43:21.770 [main] INFO  testCases.TC001_AccountRegistrationTest - ****** Clicked on MyAccount Link  *****
16:43:22.276 [main] INFO  testCases.TC001_AccountRegistrationTest - ****** Clicked on Register Link  *****
16:43:22.281 [main] INFO  testCases.TC001_AccountRegistrationTest - ****** Providing CUstomer Details  *****
16:43:23.946 [main] INFO  testCases.TC001_AccountRegistrationTest - ******Finished TC001_AccountRegistrationTest  *****
16:50:55.117 [main] INFO  testCases.TC002_LoginTest - ********** Starting Test Case ******************
16:50:57.108 [main] INFO  testCases.TC002_LoginTest - ***  Finished TC002_LoginTest  *********
22:23:26.405 [main] INFO  testCases.TC002_LoginTest - ********** Starting Test Case ******************
22:23:42.959 [main] INFO  testCases.TC002_LoginTest - ********** Starting Test Case ******************
22:23:45.286 [main] INFO  testCases.TC002_LoginTest - ***  Finished TC002_LoginTest  *********
11:37:10.878 [main] INFO  testCases.TC003_LoginDDT - **************** Starting TC003_LoginDDT test***************
11:37:13.881 [main] INFO  testCases.TC003_LoginDDT - *********** finished ***************
11:37:13.906 [main] INFO  testCases.TC003_LoginDDT - **************** Starting TC003_LoginDDT test***************
11:37:26.032 [main] INFO  testCases.TC003_LoginDDT - **************** Starting TC003_LoginDDT test***************
11:37:37.882 [main] INFO  testCases.TC003_LoginDDT - **************** Starting TC003_LoginDDT test***************
11:37:49.706 [main] INFO  testCases.TC003_LoginDDT - **************** Starting TC003_LoginDDT test***************
11:41:23.327 [main] INFO  testCases.TC003_LoginDDT - **************** Starting TC003_LoginDDT test***************
11:41:27.385 [main] INFO  testCases.TC003_LoginDDT - *********** finished ***************
11:41:27.411 [main] INFO  testCases.TC003_LoginDDT - **************** Starting TC003_LoginDDT test***************
11:41:39.391 [main] INFO  testCases.TC003_LoginDDT - **************** Starting TC003_LoginDDT test***************
11:41:52.477 [main] INFO  testCases.TC003_LoginDDT - **************** Starting TC003_LoginDDT test***************
11:42:04.239 [main] INFO  testCases.TC003_LoginDDT - **************** Starting TC003_LoginDDT test***************
11:44:24.581 [main] INFO  testCases.TC003_LoginDDT - **************** Starting TC003_LoginDDT test***************
11:44:27.067 [main] INFO  testCases.TC003_LoginDDT - *********** finished ***************
11:44:27.094 [main] INFO  testCases.TC003_LoginDDT - **************** Starting TC003_LoginDDT test***************
11:44:39.048 [main] INFO  testCases.TC003_LoginDDT - **************** Starting TC003_LoginDDT test***************
11:44:50.940 [main] INFO  testCases.TC003_LoginDDT - **************** Starting TC003_LoginDDT test***************
11:45:02.751 [main] INFO  testCases.TC003_LoginDDT - **************** Starting TC003_LoginDDT test***************
10:13:00.773 [main] INFO  testCases.TC001_AccountRegistrationTest - ****** Starting TC001_AccountRegistrationTest  *****
10:13:01.515 [main] INFO  testCases.TC001_AccountRegistrationTest - ****** Clicked on MyAccount Link  *****
10:13:02.052 [main] INFO  testCases.TC001_AccountRegistrationTest - ****** Clicked on Register Link  *****
10:13:02.059 [main] INFO  testCases.TC001_AccountRegistrationTest - ****** Providing CUstomer Details  *****
10:13:04.544 [main] INFO  testCases.TC001_AccountRegistrationTest - ******Finished TC001_AccountRegistrationTest  *****
10:13:08.897 [main] INFO  testCases.TC002_LoginTest - ********** Starting Test Case ******************
10:13:11.714 [main] INFO  testCases.TC002_LoginTest - ***  Finished TC002_LoginTest  *********
10:14:27.273 [main] INFO  testCases.TC002_LoginTest - ********** Starting Test Case ******************
10:14:30.385 [main] INFO  testCases.TC002_LoginTest - ***  Finished TC002_LoginTest  *********
10:16:48.758 [main] INFO  testCases.TC001_AccountRegistrationTest - ****** Starting TC001_AccountRegistrationTest  *****
10:16:49.425 [main] INFO  testCases.TC001_AccountRegistrationTest - ****** Clicked on MyAccount Link  *****
10:16:50.068 [main] INFO  testCases.TC001_AccountRegistrationTest - ****** Clicked on Register Link  *****
10:16:50.072 [main] INFO  testCases.TC001_AccountRegistrationTest - ****** Providing CUstomer Details  *****
10:16:52.312 [main] INFO  testCases.TC001_AccountRegistrationTest - ******Finished TC001_AccountRegistrationTest  *****
10:16:57.056 [main] INFO  testCases.TC002_LoginTest - ********** Starting Test Case ******************
10:16:59.990 [main] INFO  testCases.TC002_LoginTest - ***  Finished TC002_LoginTest  *********
10:29:31.457 [main] INFO  testCases.TC001_AccountRegistrationTest - ****** Starting TC001_AccountRegistrationTest  *****
10:29:32.557 [main] INFO  testCases.TC001_AccountRegistrationTest - ****** Clicked on MyAccount Link  *****
10:29:34.377 [main] INFO  testCases.TC001_AccountRegistrationTest - ****** Clicked on Register Link  *****
10:29:34.384 [main] INFO  testCases.TC001_AccountRegistrationTest - ****** Providing CUstomer Details  *****
10:29:36.699 [main] INFO  testCases.TC001_AccountRegistrationTest - ******Finished TC001_AccountRegistrationTest  *****
10:29:45.497 [main] INFO  testCases.TC003_LoginDDT - **************** Starting TC003_LoginDDT test***************
10:29:48.512 [main] INFO  testCases.TC003_LoginDDT - *********** finished ***************
10:29:48.525 [main] INFO  testCases.TC003_LoginDDT - **************** Starting TC003_LoginDDT test***************
10:30:00.644 [main] INFO  testCases.TC003_LoginDDT - **************** Starting TC003_LoginDDT test***************
10:30:21.902 [main] INFO  testCases.TC003_LoginDDT - **************** Starting TC003_LoginDDT test***************
10:30:33.797 [main] INFO  testCases.TC003_LoginDDT - **************** Starting TC003_LoginDDT test***************
10:31:45.316 [main] INFO  testCases.TC001_AccountRegistrationTest - ****** Starting TC001_AccountRegistrationTest  *****
10:31:45.491 [main] INFO  testCases.TC001_AccountRegistrationTest - ****** Clicked on MyAccount Link  *****
10:31:46.074 [main] INFO  testCases.TC001_AccountRegistrationTest - ****** Clicked on Register Link  *****
10:31:46.079 [main] INFO  testCases.TC001_AccountRegistrationTest - ****** Providing CUstomer Details  *****
10:31:48.226 [main] INFO  testCases.TC001_AccountRegistrationTest - ******Finished TC001_AccountRegistrationTest  *****
10:31:53.431 [main] INFO  testCases.TC002_LoginTest - ********** Starting Test Case ******************
10:31:56.037 [main] INFO  testCases.TC002_LoginTest - ***  Finished TC002_LoginTest  *********
11:54:12.172 [main] INFO  testCases.TC001_AccountRegistrationTest - ****** Starting TC001_AccountRegistrationTest  *****
11:54:12.936 [main] INFO  testCases.TC001_AccountRegistrationTest - ****** Clicked on MyAccount Link  *****
11:54:13.639 [main] INFO  testCases.TC001_AccountRegistrationTest - ****** Clicked on Register Link  *****
11:54:13.647 [main] INFO  testCases.TC001_AccountRegistrationTest - ****** Providing CUstomer Details  *****
11:54:16.618 [main] INFO  testCases.TC001_AccountRegistrationTest - ******Finished TC001_AccountRegistrationTest  *****
11:54:20.719 [main] INFO  testCases.TC002_LoginTest - ********** Starting Test Case ******************
11:54:23.805 [main] INFO  testCases.TC002_LoginTest - ***  Finished TC002_LoginTest  *********
11:59:40.885 [main] INFO  testCases.TC001_AccountRegistrationTest - ****** Starting TC001_AccountRegistrationTest  *****
11:59:41.551 [main] INFO  testCases.TC001_AccountRegistrationTest - ****** Clicked on MyAccount Link  *****
11:59:42.398 [main] INFO  testCases.TC001_AccountRegistrationTest - ****** Clicked on Register Link  *****
11:59:42.405 [main] INFO  testCases.TC001_AccountRegistrationTest - ****** Providing CUstomer Details  *****
11:59:45.559 [main] INFO  testCases.TC001_AccountRegistrationTest - ******Finished TC001_AccountRegistrationTest  *****
11:59:51.000 [main] INFO  testCases.TC002_LoginTest - ********** Starting Test Case ******************
11:59:53.764 [main] INFO  testCases.TC002_LoginTest - ***  Finished TC002_LoginTest  *********
12:01:44.101 [main] INFO  testCases.TC001_AccountRegistrationTest - ****** Starting TC001_AccountRegistrationTest  *****
12:01:44.909 [main] INFO  testCases.TC001_AccountRegistrationTest - ****** Clicked on MyAccount Link  *****
12:01:45.828 [main] INFO  testCases.TC001_AccountRegistrationTest - ****** Clicked on Register Link  *****
12:01:45.835 [main] INFO  testCases.TC001_AccountRegistrationTest - ****** Providing CUstomer Details  *****
12:01:48.640 [main] INFO  testCases.TC001_AccountRegistrationTest - ******Finished TC001_AccountRegistrationTest  *****
12:01:53.399 [main] INFO  testCases.TC002_LoginTest - ********** Starting Test Case ******************
12:01:56.239 [main] INFO  testCases.TC002_LoginTest - ***  Finished TC002_LoginTest  *********
12:04:09.380 [main] INFO  testCases.TC001_AccountRegistrationTest - ****** Starting TC001_AccountRegistrationTest  *****
12:04:10.322 [main] INFO  testCases.TC001_AccountRegistrationTest - ****** Clicked on MyAccount Link  *****
12:04:11.223 [main] INFO  testCases.TC001_AccountRegistrationTest - ****** Clicked on Register Link  *****
12:04:11.227 [main] INFO  testCases.TC001_AccountRegistrationTest - ****** Providing CUstomer Details  *****
12:04:14.078 [main] INFO  testCases.TC001_AccountRegistrationTest - ******Finished TC001_AccountRegistrationTest  *****
12:04:18.769 [main] INFO  testCases.TC002_LoginTest - ********** Starting Test Case ******************
12:05:00.590 [main] INFO  testCases.TC001_AccountRegistrationTest - ****** Starting TC001_AccountRegistrationTest  *****
12:05:01.324 [main] INFO  testCases.TC001_AccountRegistrationTest - ****** Clicked on MyAccount Link  *****
12:05:03.045 [main] INFO  testCases.TC001_AccountRegistrationTest - ****** Clicked on Register Link  *****
12:05:03.055 [main] INFO  testCases.TC001_AccountRegistrationTest - ****** Providing CUstomer Details  *****
12:05:07.733 [main] INFO  testCases.TC001_AccountRegistrationTest - ******Finished TC001_AccountRegistrationTest  *****
12:05:12.936 [main] INFO  testCases.TC002_LoginTest - ********** Starting Test Case ******************
12:05:15.725 [main] INFO  testCases.TC002_LoginTest - ***  Finished TC002_LoginTest  *********
12:09:18.532 [main] INFO  testCases.TC002_LoginTest - ********** Starting Test Case ******************
12:09:21.652 [main] INFO  testCases.TC002_LoginTest - ***  Finished TC002_LoginTest  *********
12:20:31.249 [main] INFO  testCases.TC001_AccountRegistrationTest - ****** Starting TC001_AccountRegistrationTest  *****
12:20:31.991 [main] INFO  testCases.TC001_AccountRegistrationTest - ****** Clicked on MyAccount Link  *****
12:20:33.287 [main] INFO  testCases.TC001_AccountRegistrationTest - ****** Clicked on Register Link  *****
12:20:33.299 [main] INFO  testCases.TC001_AccountRegistrationTest - ****** Providing CUstomer Details  *****
12:20:36.497 [main] INFO  testCases.TC001_AccountRegistrationTest - ******Finished TC001_AccountRegistrationTest  *****
12:20:42.391 [main] INFO  testCases.TC002_LoginTest - ********** Starting Test Case ******************
12:20:46.063 [main] INFO  testCases.TC002_LoginTest - ***  Finished TC002_LoginTest  *********
12:24:59.224 [main] INFO  testCases.TC001_AccountRegistrationTest - ****** Starting TC001_AccountRegistrationTest  *****
12:24:59.877 [main] INFO  testCases.TC001_AccountRegistrationTest - ****** Clicked on MyAccount Link  *****
12:25:00.671 [main] INFO  testCases.TC001_AccountRegistrationTest - ****** Clicked on Register Link  *****
12:25:00.679 [main] INFO  testCases.TC001_AccountRegistrationTest - ****** Providing CUstomer Details  *****
12:25:07.867 [main] INFO  testCases.TC001_AccountRegistrationTest - ******Finished TC001_AccountRegistrationTest  *****
12:25:14.129 [main] INFO  testCases.TC002_LoginTest - ********** Starting Test Case ******************
12:25:20.156 [main] INFO  testCases.TC002_LoginTest - ***  Finished TC002_LoginTest  *********
09:48:46.702 [main] INFO  testCases.TC001_AccountRegistrationTest - ****** Starting TC001_AccountRegistrationTest  *****
09:48:47.665 [main] INFO  testCases.TC001_AccountRegistrationTest - ****** Clicked on MyAccount Link  *****
09:48:48.822 [main] INFO  testCases.TC001_AccountRegistrationTest - ****** Clicked on Register Link  *****
09:48:48.896 [main] INFO  testCases.TC001_AccountRegistrationTest - ****** Providing CUstomer Details  *****
09:48:52.226 [main] INFO  testCases.TC001_AccountRegistrationTest - ******Finished TC001_AccountRegistrationTest  *****
09:48:58.001 [main] INFO  testCases.TC002_LoginTest - ********** Starting Test Case ******************
09:49:02.016 [main] INFO  testCases.TC002_LoginTest - ***  Finished TC002_LoginTest  *********
10:03:05.246 [main] INFO  testCases.TC001_AccountRegistrationTest - ****** Starting TC001_AccountRegistrationTest  *****
10:03:08.801 [main] INFO  testCases.TC001_AccountRegistrationTest - ****** Clicked on MyAccount Link  *****
10:03:10.710 [main] INFO  testCases.TC001_AccountRegistrationTest - ****** Clicked on Register Link  *****
10:03:10.716 [main] INFO  testCases.TC001_AccountRegistrationTest - ****** Providing CUstomer Details  *****
10:03:19.899 [main] INFO  testCases.TC001_AccountRegistrationTest - ******Finished TC001_AccountRegistrationTest  *****
10:03:31.625 [main] INFO  testCases.TC002_LoginTest - ********** Starting Test Case ******************
10:03:41.121 [main] INFO  testCases.TC002_LoginTest - ***  Finished TC002_LoginTest  *********
19:02:20.554 [main] INFO  testCases.TC001_AccountRegistrationTest - ****** Starting TC001_AccountRegistrationTest  *****
19:02:21.666 [main] INFO  testCases.TC001_AccountRegistrationTest - ****** Clicked on MyAccount Link  *****
19:02:22.545 [main] INFO  testCases.TC001_AccountRegistrationTest - ****** Clicked on Register Link  *****
19:02:22.559 [main] INFO  testCases.TC001_AccountRegistrationTest - ****** Providing CUstomer Details  *****
19:02:25.322 [main] INFO  testCases.TC001_AccountRegistrationTest - ******Finished TC001_AccountRegistrationTest  *****
19:02:29.682 [main] INFO  testCases.TC002_LoginTest - ********** Starting Test Case ******************
19:02:32.466 [main] INFO  testCases.TC002_LoginTest - ***  Finished TC002_LoginTest  *********
10:59:25.956 [main] INFO  testCases.TC001_AccountRegistrationTest - ****** Starting TC001_AccountRegistrationTest  *****
10:59:26.650 [main] INFO  testCases.TC001_AccountRegistrationTest - ****** Clicked on MyAccount Link  *****
10:59:27.540 [main] INFO  testCases.TC001_AccountRegistrationTest - ****** Clicked on Register Link  *****
10:59:27.545 [main] INFO  testCases.TC001_AccountRegistrationTest - ****** Providing CUstomer Details  *****
10:59:29.833 [main] INFO  testCases.TC001_AccountRegistrationTest - ******Finished TC001_AccountRegistrationTest  *****
10:59:34.304 [main] INFO  testCases.TC002_LoginTest - ********** Starting Test Case ******************
10:59:37.348 [main] INFO  testCases.TC002_LoginTest - ***  Finished TC002_LoginTest  *********
11:15:25.459 [main] INFO  testCases.TC001_AccountRegistrationTest - ****** Starting TC001_AccountRegistrationTest  *****
11:15:26.136 [main] INFO  testCases.TC001_AccountRegistrationTest - ****** Clicked on MyAccount Link  *****
11:15:26.817 [main] INFO  testCases.TC001_AccountRegistrationTest - ****** Clicked on Register Link  *****
11:15:26.822 [main] INFO  testCases.TC001_AccountRegistrationTest - ****** Providing CUstomer Details  *****
11:15:28.846 [main] INFO  testCases.TC001_AccountRegistrationTest - ******Finished TC001_AccountRegistrationTest  *****
11:15:33.272 [main] INFO  testCases.TC002_LoginTest - ********** Starting Test Case ******************
11:15:36.119 [main] INFO  testCases.TC002_LoginTest - ***  Finished TC002_LoginTest  *********
15:10:24.692 [main] INFO  testCases.TC001_AccountRegistrationTest - ****** Starting TC001_AccountRegistrationTest  *****
15:10:25.423 [main] INFO  testCases.TC001_AccountRegistrationTest - ****** Clicked on MyAccount Link  *****
15:10:26.164 [main] INFO  testCases.TC001_AccountRegistrationTest - ****** Clicked on Register Link  *****
15:10:26.175 [main] INFO  testCases.TC001_AccountRegistrationTest - ****** Providing CUstomer Details  *****
15:10:29.206 [main] INFO  testCases.TC001_AccountRegistrationTest - ******Finished TC001_AccountRegistrationTest  *****
15:10:33.699 [main] INFO  testCases.TC002_LoginTest - ********** Starting Test Case ******************
15:10:36.809 [main] INFO  testCases.TC002_LoginTest - ***  Finished TC002_LoginTest  *********
